# JRE version: Java(TM) SE Runtime Environment (8.0_74-b02) (build 1.8.0_74-b02)
# Java VM: Java HotSpot(TM) 64-Bit Server VM (25.74-b02 mixed mode linux-amd64 compressed oops)
Heap:
 PSYoungGen      total 240640K, used 48896K [0x00000000eab00000, 0x0000000100000000, 0x0000000100000000)
  eden space 132096K, 0% used [0x00000000eab00000,0x00000000eab00000,0x00000000f2c00000)
  from space 108544K, 45% used [0x00000000f2c00000,0x00000000f5bc0230,0x00000000f9600000)
  to   space 107520K, 0% used [0x00000000f9700000,0x00000000f9700000,0x0000000100000000)
 ParOldGen       total 214016K, used 213963K [0x00000000c0000000, 0x00000000cd100000, 0x00000000eab00000)
  object space 214016K, 99% used [0x00000000c0000000,0x00000000cd0f2fb0,0x00000000cd100000)
 Metaspace       used 6566K, capacity 7320K, committed 7680K, reserved 1056768K
  class space    used 614K, capacity 656K, committed 768K, reserved 1048576K
GC Heap History (10 events):
Event: 10.943 GC heap after
Heap after GC invocations=13 (full 2):
 PSYoungGen      total 273408K, used 15872K [0x00000000eab00000, 0x0000000100000000, 0x0000000100000000)
  eden space 197632K, 0% used [0x00000000eab00000,0x00000000eab00000,0x00000000f6c00000)
  from space 75776K, 20% used [0x00000000f6c00000,0x00000000f7b80180,0x00000000fb600000)
  to   space 72704K, 0% used [0x00000000fb900000,0x00000000fb900000,0x0000000100000000)
 ParOldGen       total 214016K, used 144043K [0x00000000c0000000, 0x00000000cd100000, 0x00000000eab00000)
  object space 214016K, 67% used [0x00000000c0000000,0x00000000c8caac28,0x00000000cd100000)
 Metaspace       used 6535K, capacity 7320K, committed 7680K, reserved 1056768K
  class space    used 614K, capacity 656K, committed 768K, reserved 1048576K
}
Event: 12.146 GC heap before
{Heap before GC invocations=14 (full 2):
 PSYoungGen      total 273408K, used 213504K [0x00000000eab00000, 0x0000000100000000, 0x0000000100000000)
  eden space 197632K, 100% used [0x00000000eab00000,0x00000000f6c00000,0x00000000f6c00000)
  from space 75776K, 20% used [0x00000000f6c00000,0x00000000f7b80180,0x00000000fb600000)
  to   space 72704K, 0% used [0x00000000fb900000,0x00000000fb900000,0x0000000100000000)
 ParOldGen       total 214016K, used 144043K [0x00000000c0000000, 0x00000000cd100000, 0x00000000eab00000)
  object space 214016K, 67% used [0x00000000c0000000,0x00000000c8caac28,0x00000000cd100000)
 Metaspace       used 6545K, capacity 7320K, committed 7680K, reserved 1056768K
  class space    used 614K, capacity 656K, committed 768K, reserved 1048576K
Event: 12.234 GC heap after
Heap after GC invocations=14 (full 2):
 PSYoungGen      total 271360K, used 45264K [0x00000000eab00000, 0x0000000100000000, 0x0000000100000000)
  eden space 198656K, 0% used [0x00000000eab00000,0x00000000eab00000,0x00000000f6d00000)
  from space 72704K, 62% used [0x00000000fb900000,0x00000000fe5342a8,0x0000000100000000)
  to   space 75264K, 0% used [0x00000000f6d00000,0x00000000f6d00000,0x00000000fb680000)
 ParOldGen       total 214016K, used 144051K [0x00000000c0000000, 0x00000000cd100000, 0x00000000eab00000)
  object space 214016K, 67% used [0x00000000c0000000,0x00000000c8cacc28,0x00000000cd100000)
 Metaspace       used 6545K, capacity 7320K, committed 7680K, reserved 1056768K
  class space    used 614K, capacity 656K, committed 768K, reserved 1048576K
}
Event: 13.230 GC heap before
{Heap before GC invocations=15 (full 2):
 PSYoungGen      total 271360K, used 243920K [0x00000000eab00000, 0x0000000100000000, 0x0000000100000000)
  eden space 198656K, 100% used [0x00000000eab00000,0x00000000f6d00000,0x00000000f6d00000)
  from space 72704K, 62% used [0x00000000fb900000,0x00000000fe5342a8,0x0000000100000000)
  to   space 75264K, 0% used [0x00000000f6d00000,0x00000000f6d00000,0x00000000fb680000)
 ParOldGen       total 214016K, used 144051K [0x00000000c0000000, 0x00000000cd100000, 0x00000000eab00000)
  object space 214016K, 67% used [0x00000000c0000000,0x00000000c8cacc28,0x00000000cd100000)
 Metaspace       used 6555K, capacity 7320K, committed 7680K, reserved 1056768K
  class space    used 614K, capacity 656K, committed 768K, reserved 1048576K
Event: 13.368 GC heap after
Heap after GC invocations=15 (full 2):
 PSYoungGen      total 272896K, used 73967K [0x00000000eab00000, 0x0000000100000000, 0x0000000100000000)
  eden space 198656K, 0% used [0x00000000eab00000,0x00000000eab00000,0x00000000f6d00000)
  from space 74240K, 99% used [0x00000000f6d00000,0x00000000fb53bf00,0x00000000fb580000)
  to   space 76288K, 0% used [0x00000000fb580000,0x00000000fb580000,0x0000000100000000)
 ParOldGen       total 214016K, used 144051K [0x00000000c0000000, 0x00000000cd100000, 0x00000000eab00000)
  object space 214016K, 67% used [0x00000000c0000000,0x00000000c8cacc28,0x00000000cd100000)
 Metaspace       used 6555K, capacity 7320K, committed 7680K, reserved 1056768K
  class space    used 614K, capacity 656K, committed 768K, reserved 1048576K
}
Event: 14.420 GC heap before
{Heap before GC invocations=16 (full 2):
 PSYoungGen      total 272896K, used 272623K [0x00000000eab00000, 0x0000000100000000, 0x0000000100000000)
  eden space 198656K, 100% used [0x00000000eab00000,0x00000000f6d00000,0x00000000f6d00000)
  from space 74240K, 99% used [0x00000000f6d00000,0x00000000fb53bf00,0x00000000fb580000)
  to   space 76288K, 0% used [0x00000000fb580000,0x00000000fb580000,0x0000000100000000)
 ParOldGen       total 214016K, used 144051K [0x00000000c0000000, 0x00000000cd100000, 0x00000000eab00000)
  object space 214016K, 67% used [0x00000000c0000000,0x00000000c8cacc28,0x00000000cd100000)
 Metaspace       used 6563K, capacity 7320K, committed 7680K, reserved 1056768K
  class space    used 614K, capacity 656K, committed 768K, reserved 1048576K
Event: 14.636 GC heap after
Heap after GC invocations=16 (full 2):
 PSYoungGen      total 208384K, used 76271K [0x00000000eab00000, 0x0000000100000000, 0x0000000100000000)
  eden space 132096K, 0% used [0x00000000eab00000,0x00000000eab00000,0x00000000f2c00000)
  from space 76288K, 99% used [0x00000000fb580000,0x00000000ffffbc58,0x0000000100000000)
  to   space 108544K, 0% used [0x00000000f2c00000,0x00000000f2c00000,0x00000000f9600000)
 ParOldGen       total 214016K, used 170153K [0x00000000c0000000, 0x00000000cd100000, 0x00000000eab00000)
  object space 214016K, 79% used [0x00000000c0000000,0x00000000ca62a580,0x00000000cd100000)
 Metaspace       used 6563K, capacity 7320K, committed 7680K, reserved 1056768K
  class space    used 614K, capacity 656K, committed 768K, reserved 1048576K
}
Event: 15.248 GC heap before
{Heap before GC invocations=17 (full 2):
 PSYoungGen      total 208384K, used 208367K [0x00000000eab00000, 0x0000000100000000, 0x0000000100000000)
  eden space 132096K, 100% used [0x00000000eab00000,0x00000000f2c00000,0x00000000f2c00000)
  from space 76288K, 99% used [0x00000000fb580000,0x00000000ffffbc58,0x0000000100000000)
  to   space 108544K, 0% used [0x00000000f2c00000,0x00000000f2c00000,0x00000000f9600000)
 ParOldGen       total 214016K, used 170153K [0x00000000c0000000, 0x00000000cd100000, 0x00000000eab00000)
  object space 214016K, 79% used [0x00000000c0000000,0x00000000ca62a580,0x00000000cd100000)
 Metaspace       used 6566K, capacity 7320K, committed 7680K, reserved 1056768K
  class space    used 614K, capacity 656K, committed 768K, reserved 1048576K
Event: 15.543 GC heap after
Heap after GC invocations=17 (full 2):
 PSYoungGen      total 240640K, used 54819K [0x00000000eab00000, 0x0000000100000000, 0x0000000100000000)
  eden space 132096K, 0% used [0x00000000eab00000,0x00000000eab00000,0x00000000f2c00000)
  from space 108544K, 50% used [0x00000000f2c00000,0x00000000f6188f70,0x00000000f9600000)
  to   space 107520K, 0% used [0x00000000f9700000,0x00000000f9700000,0x0000000100000000)
 ParOldGen       total 214016K, used 211609K [0x00000000c0000000, 0x00000000cd100000, 0x00000000eab00000)
  object space 214016K, 98% used [0x00000000c0000000,0x00000000ccea6740,0x00000000cd100000)
 Metaspace       used 6566K, capacity 7320K, committed 7680K, reserved 1056768K
  class space    used 614K, capacity 656K, committed 768K, reserved 1048576K
}
Event: 15.543 GC heap before
{Heap before GC invocations=18 (full 3):
 PSYoungGen      total 240640K, used 54819K [0x00000000eab00000, 0x0000000100000000, 0x0000000100000000)
  eden space 132096K, 0% used [0x00000000eab00000,0x00000000eab00000,0x00000000f2c00000)
  from space 108544K, 50% used [0x00000000f2c00000,0x00000000f6188f70,0x00000000f9600000)
  to   space 107520K, 0% used [0x00000000f9700000,0x00000000f9700000,0x0000000100000000)
 ParOldGen       total 214016K, used 211609K [0x00000000c0000000, 0x00000000cd100000, 0x00000000eab00000)
  object space 214016K, 98% used [0x00000000c0000000,0x00000000ccea6740,0x00000000cd100000)
 Metaspace       used 6566K, capacity 7320K, committed 7680K, reserved 1056768K
  class space    used 614K, capacity 656K, committed 768K, reserved 1048576K

