# JRE version: Java(TM) SE Runtime Environment (8.0_74-b02) (build 1.8.0_74-b02)
# Java VM: Java HotSpot(TM) 64-Bit Server VM (25.74-b02 mixed mode linux-amd64 compressed oops)
Heap:
 PSYoungGen      total 227840K, used 45565K [0x00000000eab00000, 0x00000000fdc80000, 0x0000000100000000)
  eden space 182272K, 0% used [0x00000000eab00000,0x00000000eab00000,0x00000000f5d00000)
  from space 45568K, 99% used [0x00000000fb000000,0x00000000fdc7f538,0x00000000fdc80000)
  to   space 35328K, 0% used [0x00000000f5d00000,0x00000000f5d00000,0x00000000f7f80000)
 ParOldGen       total 153088K, used 152289K [0x00000000c0000000, 0x00000000c9580000, 0x00000000eab00000)
  object space 153088K, 99% used [0x00000000c0000000,0x00000000c94b87d0,0x00000000c9580000)
 Metaspace       used 6443K, capacity 7256K, committed 7424K, reserved 1056768K
  class space    used 614K, capacity 656K, committed 768K, reserved 1048576K
GC Heap History (10 events):
Event: 11.531 GC heap after
Heap after GC invocations=6 (full 0):
 PSYoungGen      total 109056K, used 9888K [0x00000000eab00000, 0x00000000f2400000, 0x0000000100000000)
  eden space 95744K, 0% used [0x00000000eab00000,0x00000000eab00000,0x00000000f0880000)
  from space 13312K, 74% used [0x00000000f1600000,0x00000000f1fa8010,0x00000000f2300000)
  to   space 13824K, 0% used [0x00000000f0880000,0x00000000f0880000,0x00000000f1600000)
 ParOldGen       total 62976K, used 17304K [0x00000000c0000000, 0x00000000c3d80000, 0x00000000eab00000)
  object space 62976K, 27% used [0x00000000c0000000,0x00000000c10e62d0,0x00000000c3d80000)
 Metaspace       used 6002K, capacity 6936K, committed 7168K, reserved 1056768K
  class space    used 613K, capacity 656K, committed 768K, reserved 1048576K
}
Event: 15.106 GC heap before
{Heap before GC invocations=7 (full 0):
 PSYoungGen      total 109056K, used 105632K [0x00000000eab00000, 0x00000000f2400000, 0x0000000100000000)
  eden space 95744K, 100% used [0x00000000eab00000,0x00000000f0880000,0x00000000f0880000)
  from space 13312K, 74% used [0x00000000f1600000,0x00000000f1fa8010,0x00000000f2300000)
  to   space 13824K, 0% used [0x00000000f0880000,0x00000000f0880000,0x00000000f1600000)
 ParOldGen       total 62976K, used 17304K [0x00000000c0000000, 0x00000000c3d80000, 0x00000000eab00000)
  object space 62976K, 27% used [0x00000000c0000000,0x00000000c10e62d0,0x00000000c3d80000)
 Metaspace       used 6159K, capacity 7064K, committed 7424K, reserved 1056768K
  class space    used 613K, capacity 656K, committed 768K, reserved 1048576K
Event: 15.440 GC heap after
Heap after GC invocations=7 (full 0):
 PSYoungGen      total 109568K, used 13812K [0x00000000eab00000, 0x00000000f9900000, 0x0000000100000000)
  eden space 95744K, 0% used [0x00000000eab00000,0x00000000eab00000,0x00000000f0880000)
  from space 13824K, 99% used [0x00000000f0880000,0x00000000f15fd170,0x00000000f1600000)
  to   space 26112K, 0% used [0x00000000f7f80000,0x00000000f7f80000,0x00000000f9900000)
 ParOldGen       total 62976K, used 36575K [0x00000000c0000000, 0x00000000c3d80000, 0x00000000eab00000)
  object space 62976K, 58% used [0x00000000c0000000,0x00000000c23b7d80,0x00000000c3d80000)
 Metaspace       used 6159K, capacity 7064K, committed 7424K, reserved 1056768K
  class space    used 613K, capacity 656K, committed 768K, reserved 1048576K
}
Event: 24.108 GC heap before
{Heap before GC invocations=8 (full 0):
 PSYoungGen      total 109568K, used 109556K [0x00000000eab00000, 0x00000000f9900000, 0x0000000100000000)
  eden space 95744K, 100% used [0x00000000eab00000,0x00000000f0880000,0x00000000f0880000)
  from space 13824K, 99% used [0x00000000f0880000,0x00000000f15fd170,0x00000000f1600000)
  to   space 26112K, 0% used [0x00000000f7f80000,0x00000000f7f80000,0x00000000f9900000)
 ParOldGen       total 62976K, used 36575K [0x00000000c0000000, 0x00000000c3d80000, 0x00000000eab00000)
  object space 62976K, 58% used [0x00000000c0000000,0x00000000c23b7d80,0x00000000c3d80000)
 Metaspace       used 6392K, capacity 7192K, committed 7424K, reserved 1056768K
  class space    used 613K, capacity 656K, committed 768K, reserved 1048576K
Event: 24.758 GC heap after
Heap after GC invocations=8 (full 0):
 PSYoungGen      total 208384K, used 26092K [0x00000000eab00000, 0x00000000fab00000, 0x0000000100000000)
  eden space 182272K, 0% used [0x00000000eab00000,0x00000000eab00000,0x00000000f5d00000)
  from space 26112K, 99% used [0x00000000f7f80000,0x00000000f98fb130,0x00000000f9900000)
  to   space 35328K, 0% used [0x00000000f5d00000,0x00000000f5d00000,0x00000000f7f80000)
 ParOldGen       total 62976K, used 47075K [0x00000000c0000000, 0x00000000c3d80000, 0x00000000eab00000)
  object space 62976K, 74% used [0x00000000c0000000,0x00000000c2df8e30,0x00000000c3d80000)
 Metaspace       used 6392K, capacity 7192K, committed 7424K, reserved 1056768K
  class space    used 613K, capacity 656K, committed 768K, reserved 1048576K
}
Event: 24.758 GC heap before
{Heap before GC invocations=9 (full 1):
 PSYoungGen      total 208384K, used 26092K [0x00000000eab00000, 0x00000000fab00000, 0x0000000100000000)
  eden space 182272K, 0% used [0x00000000eab00000,0x00000000eab00000,0x00000000f5d00000)
  from space 26112K, 99% used [0x00000000f7f80000,0x00000000f98fb130,0x00000000f9900000)
  to   space 35328K, 0% used [0x00000000f5d00000,0x00000000f5d00000,0x00000000f7f80000)
 ParOldGen       total 62976K, used 47075K [0x00000000c0000000, 0x00000000c3d80000, 0x00000000eab00000)
  object space 62976K, 74% used [0x00000000c0000000,0x00000000c2df8e30,0x00000000c3d80000)
 Metaspace       used 6392K, capacity 7192K, committed 7424K, reserved 1056768K
  class space    used 613K, capacity 656K, committed 768K, reserved 1048576K
Event: 28.054 GC heap after
Heap after GC invocations=9 (full 1):
 PSYoungGen      total 208384K, used 0K [0x00000000eab00000, 0x00000000fab00000, 0x0000000100000000)
  eden space 182272K, 0% used [0x00000000eab00000,0x00000000eab00000,0x00000000f5d00000)
  from space 26112K, 0% used [0x00000000f7f80000,0x00000000f7f80000,0x00000000f9900000)
  to   space 35328K, 0% used [0x00000000f5d00000,0x00000000f5d00000,0x00000000f7f80000)
 ParOldGen       total 117760K, used 62697K [0x00000000c0000000, 0x00000000c7300000, 0x00000000eab00000)
  object space 117760K, 53% used [0x00000000c0000000,0x00000000c3d3a7a0,0x00000000c7300000)
 Metaspace       used 6392K, capacity 7192K, committed 7424K, reserved 1056768K
  class space    used 613K, capacity 656K, committed 768K, reserved 1048576K
}
Event: 41.917 GC heap before
{Heap before GC invocations=10 (full 1):
 PSYoungGen      total 208384K, used 182272K [0x00000000eab00000, 0x00000000fab00000, 0x0000000100000000)
  eden space 182272K, 100% used [0x00000000eab00000,0x00000000f5d00000,0x00000000f5d00000)
  from space 26112K, 0% used [0x00000000f7f80000,0x00000000f7f80000,0x00000000f9900000)
  to   space 35328K, 0% used [0x00000000f5d00000,0x00000000f5d00000,0x00000000f7f80000)
 ParOldGen       total 117760K, used 62697K [0x00000000c0000000, 0x00000000c7300000, 0x00000000eab00000)
  object space 117760K, 53% used [0x00000000c0000000,0x00000000c3d3a7a0,0x00000000c7300000)
 Metaspace       used 6434K, capacity 7256K, committed 7424K, reserved 1056768K
  class space    used 613K, capacity 656K, committed 768K, reserved 1048576K
Event: 42.145 GC heap after
Heap after GC invocations=10 (full 1):
 PSYoungGen      total 217600K, used 35315K [0x00000000eab00000, 0x00000000fdc80000, 0x0000000100000000)
  eden space 182272K, 0% used [0x00000000eab00000,0x00000000eab00000,0x00000000f5d00000)
  from space 35328K, 99% used [0x00000000f5d00000,0x00000000f7f7ce10,0x00000000f7f80000)
  to   space 45568K, 0% used [0x00000000fb000000,0x00000000fb000000,0x00000000fdc80000)
 ParOldGen       total 117760K, used 72408K [0x00000000c0000000, 0x00000000c7300000, 0x00000000eab00000)
  object space 117760K, 61% used [0x00000000c0000000,0x00000000c46b6110,0x00000000c7300000)
 Metaspace       used 6434K, capacity 7256K, committed 7424K, reserved 1056768K
  class space    used 613K, capacity 656K, committed 768K, reserved 1048576K
}
Event: 43.276 GC heap before
{Heap before GC invocations=11 (full 1):
 PSYoungGen      total 217600K, used 217587K [0x00000000eab00000, 0x00000000fdc80000, 0x0000000100000000)
  eden space 182272K, 100% used [0x00000000eab00000,0x00000000f5d00000,0x00000000f5d00000)
  from space 35328K, 99% used [0x00000000f5d00000,0x00000000f7f7ce10,0x00000000f7f80000)
  to   space 45568K, 0% used [0x00000000fb000000,0x00000000fb000000,0x00000000fdc80000)
 ParOldGen       total 117760K, used 72408K [0x00000000c0000000, 0x00000000c7300000, 0x00000000eab00000)
  object space 117760K, 61% used [0x00000000c0000000,0x00000000c46b6110,0x00000000c7300000)
 Metaspace       used 6443K, capacity 7256K, committed 7424K, reserved 1056768K
  class space    used 614K, capacity 656K, committed 768K, reserved 1048576K

