# JRE version: Java(TM) SE Runtime Environment (8.0_74-b02) (build 1.8.0_74-b02)
# Java VM: Java HotSpot(TM) 64-Bit Server VM (25.74-b02 mixed mode linux-amd64 compressed oops)
Heap:
 PSYoungGen      total 170496K, used 13328K [0x00000000eab00000, 0x00000000ff800000, 0x0000000100000000)
  eden space 116736K, 0% used [0x00000000eab00000,0x00000000eab00000,0x00000000f1d00000)
  from space 53760K, 24% used [0x00000000f1d00000,0x00000000f2a04040,0x00000000f5180000)
  to   space 112128K, 0% used [0x00000000f8a80000,0x00000000f8a80000,0x00000000ff800000)
 ParOldGen       total 356352K, used 356098K [0x00000000c0000000, 0x00000000d5c00000, 0x00000000eab00000)
  object space 356352K, 99% used [0x00000000c0000000,0x00000000d5bc0b70,0x00000000d5c00000)
 Metaspace       used 6577K, capacity 7320K, committed 7680K, reserved 1056768K
  class space    used 614K, capacity 656K, committed 768K, reserved 1048576K
GC Heap History (10 events):
Event: 25.240 GC heap after
Heap after GC invocations=20 (full 3):
 PSYoungGen      total 204800K, used 79589K [0x00000000eab00000, 0x0000000100000000, 0x0000000100000000)
  eden space 124928K, 0% used [0x00000000eab00000,0x00000000eab00000,0x00000000f2500000)
  from space 79872K, 99% used [0x00000000f2500000,0x00000000f72b9618,0x00000000f7300000)
  to   space 116224K, 0% used [0x00000000f8e80000,0x00000000f8e80000,0x0000000100000000)
 ParOldGen       total 356352K, used 220661K [0x00000000c0000000, 0x00000000d5c00000, 0x00000000eab00000)
  object space 356352K, 61% used [0x00000000c0000000,0x00000000cd77d6c0,0x00000000d5c00000)
 Metaspace       used 6575K, capacity 7320K, committed 7680K, reserved 1056768K
  class space    used 614K, capacity 656K, committed 768K, reserved 1048576K
}
Event: 26.003 GC heap before
{Heap before GC invocations=21 (full 3):
 PSYoungGen      total 204800K, used 204517K [0x00000000eab00000, 0x0000000100000000, 0x0000000100000000)
  eden space 124928K, 100% used [0x00000000eab00000,0x00000000f2500000,0x00000000f2500000)
  from space 79872K, 99% used [0x00000000f2500000,0x00000000f72b9618,0x00000000f7300000)
  to   space 116224K, 0% used [0x00000000f8e80000,0x00000000f8e80000,0x0000000100000000)
 ParOldGen       total 356352K, used 220661K [0x00000000c0000000, 0x00000000d5c00000, 0x00000000eab00000)
  object space 356352K, 61% used [0x00000000c0000000,0x00000000cd77d6c0,0x00000000d5c00000)
 Metaspace       used 6575K, capacity 7320K, committed 7680K, reserved 1056768K
  class space    used 614K, capacity 656K, committed 768K, reserved 1048576K
Event: 26.216 GC heap after
Heap after GC invocations=21 (full 3):
 PSYoungGen      total 232960K, used 72718K [0x00000000eab00000, 0x0000000100000000, 0x0000000100000000)
  eden space 116736K, 0% used [0x00000000eab00000,0x00000000eab00000,0x00000000f1d00000)
  from space 116224K, 62% used [0x00000000f8e80000,0x00000000fd583bf8,0x0000000100000000)
  to   space 116224K, 0% used [0x00000000f1d00000,0x00000000f1d00000,0x00000000f8e80000)
 ParOldGen       total 356352K, used 247439K [0x00000000c0000000, 0x00000000d5c00000, 0x00000000eab00000)
  object space 356352K, 69% used [0x00000000c0000000,0x00000000cf1a3ed8,0x00000000d5c00000)
 Metaspace       used 6575K, capacity 7320K, committed 7680K, reserved 1056768K
  class space    used 614K, capacity 656K, committed 768K, reserved 1048576K
}
Event: 26.940 GC heap before
{Heap before GC invocations=22 (full 3):
 PSYoungGen      total 232960K, used 189454K [0x00000000eab00000, 0x0000000100000000, 0x0000000100000000)
  eden space 116736K, 100% used [0x00000000eab00000,0x00000000f1d00000,0x00000000f1d00000)
  from space 116224K, 62% used [0x00000000f8e80000,0x00000000fd583bf8,0x0000000100000000)
  to   space 116224K, 0% used [0x00000000f1d00000,0x00000000f1d00000,0x00000000f8e80000)
 ParOldGen       total 356352K, used 247439K [0x00000000c0000000, 0x00000000d5c00000, 0x00000000eab00000)
  object space 356352K, 69% used [0x00000000c0000000,0x00000000cf1a3ed8,0x00000000d5c00000)
 Metaspace       used 6575K, capacity 7320K, committed 7680K, reserved 1056768K
  class space    used 614K, capacity 656K, committed 768K, reserved 1048576K
Event: 27.174 GC heap after
Heap after GC invocations=22 (full 3):
 PSYoungGen      total 232960K, used 56084K [0x00000000eab00000, 0x0000000100000000, 0x0000000100000000)
  eden space 116736K, 0% used [0x00000000eab00000,0x00000000eab00000,0x00000000f1d00000)
  from space 116224K, 48% used [0x00000000f1d00000,0x00000000f53c5248,0x00000000f8e80000)
  to   space 116224K, 0% used [0x00000000f8e80000,0x00000000f8e80000,0x0000000100000000)
 ParOldGen       total 356352K, used 281142K [0x00000000c0000000, 0x00000000d5c00000, 0x00000000eab00000)
  object space 356352K, 78% used [0x00000000c0000000,0x00000000d128d9a0,0x00000000d5c00000)
 Metaspace       used 6575K, capacity 7320K, committed 7680K, reserved 1056768K
  class space    used 614K, capacity 656K, committed 768K, reserved 1048576K
}
Event: 27.876 GC heap before
{Heap before GC invocations=23 (full 3):
 PSYoungGen      total 232960K, used 172820K [0x00000000eab00000, 0x0000000100000000, 0x0000000100000000)
  eden space 116736K, 100% used [0x00000000eab00000,0x00000000f1d00000,0x00000000f1d00000)
  from space 116224K, 48% used [0x00000000f1d00000,0x00000000f53c5248,0x00000000f8e80000)
  to   space 116224K, 0% used [0x00000000f8e80000,0x00000000f8e80000,0x0000000100000000)
 ParOldGen       total 356352K, used 281142K [0x00000000c0000000, 0x00000000d5c00000, 0x00000000eab00000)
  object space 356352K, 78% used [0x00000000c0000000,0x00000000d128d9a0,0x00000000d5c00000)
 Metaspace       used 6576K, capacity 7320K, committed 7680K, reserved 1056768K
  class space    used 614K, capacity 656K, committed 768K, reserved 1048576K
Event: 28.146 GC heap after
Heap after GC invocations=23 (full 3):
 PSYoungGen      total 232960K, used 73964K [0x00000000eab00000, 0x0000000100000000, 0x0000000100000000)
  eden space 116736K, 0% used [0x00000000eab00000,0x00000000eab00000,0x00000000f1d00000)
  from space 116224K, 63% used [0x00000000f8e80000,0x00000000fd6bb2e8,0x0000000100000000)
  to   space 116224K, 0% used [0x00000000f1d00000,0x00000000f1d00000,0x00000000f8e80000)
 ParOldGen       total 356352K, used 281150K [0x00000000c0000000, 0x00000000d5c00000, 0x00000000eab00000)
  object space 356352K, 78% used [0x00000000c0000000,0x00000000d128f9a0,0x00000000d5c00000)
 Metaspace       used 6576K, capacity 7320K, committed 7680K, reserved 1056768K
  class space    used 614K, capacity 656K, committed 768K, reserved 1048576K
}
Event: 28.769 GC heap before
{Heap before GC invocations=24 (full 3):
 PSYoungGen      total 232960K, used 190700K [0x00000000eab00000, 0x0000000100000000, 0x0000000100000000)
  eden space 116736K, 100% used [0x00000000eab00000,0x00000000f1d00000,0x00000000f1d00000)
  from space 116224K, 63% used [0x00000000f8e80000,0x00000000fd6bb2e8,0x0000000100000000)
  to   space 116224K, 0% used [0x00000000f1d00000,0x00000000f1d00000,0x00000000f8e80000)
 ParOldGen       total 356352K, used 281150K [0x00000000c0000000, 0x00000000d5c00000, 0x00000000eab00000)
  object space 356352K, 78% used [0x00000000c0000000,0x00000000d128f9a0,0x00000000d5c00000)
 Metaspace       used 6577K, capacity 7320K, committed 7680K, reserved 1056768K
  class space    used 614K, capacity 656K, committed 768K, reserved 1048576K
Event: 29.052 GC heap after
Heap after GC invocations=24 (full 3):
 PSYoungGen      total 170496K, used 53393K [0x00000000eab00000, 0x00000000ff800000, 0x0000000100000000)
  eden space 116736K, 0% used [0x00000000eab00000,0x00000000eab00000,0x00000000f1d00000)
  from space 53760K, 99% used [0x00000000f1d00000,0x00000000f5124518,0x00000000f5180000)
  to   space 112128K, 0% used [0x00000000f8a80000,0x00000000f8a80000,0x00000000ff800000)
 ParOldGen       total 356352K, used 319807K [0x00000000c0000000, 0x00000000d5c00000, 0x00000000eab00000)
  object space 356352K, 89% used [0x00000000c0000000,0x00000000d384fea8,0x00000000d5c00000)
 Metaspace       used 6577K, capacity 7320K, committed 7680K, reserved 1056768K
  class space    used 614K, capacity 656K, committed 768K, reserved 1048576K
}
Event: 29.052 GC heap before
{Heap before GC invocations=25 (full 4):
 PSYoungGen      total 170496K, used 53393K [0x00000000eab00000, 0x00000000ff800000, 0x0000000100000000)
  eden space 116736K, 0% used [0x00000000eab00000,0x00000000eab00000,0x00000000f1d00000)
  from space 53760K, 99% used [0x00000000f1d00000,0x00000000f5124518,0x00000000f5180000)
  to   space 112128K, 0% used [0x00000000f8a80000,0x00000000f8a80000,0x00000000ff800000)
 ParOldGen       total 356352K, used 319807K [0x00000000c0000000, 0x00000000d5c00000, 0x00000000eab00000)
  object space 356352K, 89% used [0x00000000c0000000,0x00000000d384fea8,0x00000000d5c00000)
 Metaspace       used 6577K, capacity 7320K, committed 7680K, reserved 1056768K
  class space    used 614K, capacity 656K, committed 768K, reserved 1048576K

