# JRE version: Java(TM) SE Runtime Environment (8.0_74-b02) (build 1.8.0_74-b02)
# Java VM: Java HotSpot(TM) 64-Bit Server VM (25.74-b02 mixed mode linux-amd64 compressed oops)
Heap:
 PSYoungGen      total 241664K, used 26547K [0x00000000eab00000, 0x0000000100000000, 0x0000000100000000)
  eden space 195584K, 0% used [0x00000000eab00000,0x00000000eab00000,0x00000000f6a00000)
  from space 46080K, 57% used [0x00000000fd300000,0x00000000fececf78,0x0000000100000000)
  to   space 76800K, 0% used [0x00000000f6a00000,0x00000000f6a00000,0x00000000fb500000)
 ParOldGen       total 119808K, used 118998K [0x00000000c0000000, 0x00000000c7500000, 0x00000000eab00000)
  object space 119808K, 99% used [0x00000000c0000000,0x00000000c7435b08,0x00000000c7500000)
 Metaspace       used 6518K, capacity 7256K, committed 7424K, reserved 1056768K
  class space    used 614K, capacity 656K, committed 768K, reserved 1048576K
GC Heap History (10 events):
Event: 6.795 GC heap after
Heap after GC invocations=7 (full 0):
 PSYoungGen      total 206848K, used 19442K [0x00000000eab00000, 0x0000000100000000, 0x0000000100000000)
  eden space 187392K, 0% used [0x00000000eab00000,0x00000000eab00000,0x00000000f6200000)
  from space 19456K, 99% used [0x00000000f6200000,0x00000000f74fc940,0x00000000f7500000)
  to   space 34304K, 0% used [0x00000000fde80000,0x00000000fde80000,0x0000000100000000)
 ParOldGen       total 62976K, used 39893K [0x00000000c0000000, 0x00000000c3d80000, 0x00000000eab00000)
  object space 62976K, 63% used [0x00000000c0000000,0x00000000c26f5568,0x00000000c3d80000)
 Metaspace       used 6326K, capacity 7192K, committed 7424K, reserved 1056768K
  class space    used 614K, capacity 656K, committed 768K, reserved 1048576K
}
Event: 8.543 GC heap before
{Heap before GC invocations=8 (full 0):
 PSYoungGen      total 206848K, used 206834K [0x00000000eab00000, 0x0000000100000000, 0x0000000100000000)
  eden space 187392K, 100% used [0x00000000eab00000,0x00000000f6200000,0x00000000f6200000)
  from space 19456K, 99% used [0x00000000f6200000,0x00000000f74fc940,0x00000000f7500000)
  to   space 34304K, 0% used [0x00000000fde80000,0x00000000fde80000,0x0000000100000000)
 ParOldGen       total 62976K, used 39893K [0x00000000c0000000, 0x00000000c3d80000, 0x00000000eab00000)
  object space 62976K, 63% used [0x00000000c0000000,0x00000000c26f5568,0x00000000c3d80000)
 Metaspace       used 6419K, capacity 7256K, committed 7424K, reserved 1056768K
  class space    used 614K, capacity 656K, committed 768K, reserved 1048576K
Event: 8.859 GC heap after
Heap after GC invocations=8 (full 0):
 PSYoungGen      total 291328K, used 34287K [0x00000000eab00000, 0x0000000100000000, 0x0000000100000000)
  eden space 257024K, 0% used [0x00000000eab00000,0x00000000eab00000,0x00000000fa600000)
  from space 34304K, 99% used [0x00000000fde80000,0x00000000ffffbd08,0x0000000100000000)
  to   space 46080K, 0% used [0x00000000fa600000,0x00000000fa600000,0x00000000fd300000)
 ParOldGen       total 62976K, used 50575K [0x00000000c0000000, 0x00000000c3d80000, 0x00000000eab00000)
  object space 62976K, 80% used [0x00000000c0000000,0x00000000c3163d20,0x00000000c3d80000)
 Metaspace       used 6419K, capacity 7256K, committed 7424K, reserved 1056768K
  class space    used 614K, capacity 656K, committed 768K, reserved 1048576K
}
Event: 8.859 GC heap before
{Heap before GC invocations=9 (full 1):
 PSYoungGen      total 291328K, used 34287K [0x00000000eab00000, 0x0000000100000000, 0x0000000100000000)
  eden space 257024K, 0% used [0x00000000eab00000,0x00000000eab00000,0x00000000fa600000)
  from space 34304K, 99% used [0x00000000fde80000,0x00000000ffffbd08,0x0000000100000000)
  to   space 46080K, 0% used [0x00000000fa600000,0x00000000fa600000,0x00000000fd300000)
 ParOldGen       total 62976K, used 50575K [0x00000000c0000000, 0x00000000c3d80000, 0x00000000eab00000)
  object space 62976K, 80% used [0x00000000c0000000,0x00000000c3163d20,0x00000000c3d80000)
 Metaspace       used 6419K, capacity 7256K, committed 7424K, reserved 1056768K
  class space    used 614K, capacity 656K, committed 768K, reserved 1048576K
Event: 10.289 GC heap after
Heap after GC invocations=9 (full 1):
 PSYoungGen      total 291328K, used 19895K [0x00000000eab00000, 0x0000000100000000, 0x0000000100000000)
  eden space 257024K, 0% used [0x00000000eab00000,0x00000000eab00000,0x00000000fa600000)
  from space 34304K, 57% used [0x00000000fde80000,0x00000000ff1edc38,0x0000000100000000)
  to   space 46080K, 0% used [0x00000000fa600000,0x00000000fa600000,0x00000000fd300000)
 ParOldGen       total 119808K, used 62561K [0x00000000c0000000, 0x00000000c7500000, 0x00000000eab00000)
  object space 119808K, 52% used [0x00000000c0000000,0x00000000c3d187f8,0x00000000c7500000)
 Metaspace       used 6419K, capacity 7256K, committed 7424K, reserved 1056768K
  class space    used 614K, capacity 656K, committed 768K, reserved 1048576K
}
Event: 11.924 GC heap before
{Heap before GC invocations=10 (full 1):
 PSYoungGen      total 291328K, used 276919K [0x00000000eab00000, 0x0000000100000000, 0x0000000100000000)
  eden space 257024K, 100% used [0x00000000eab00000,0x00000000fa600000,0x00000000fa600000)
  from space 34304K, 57% used [0x00000000fde80000,0x00000000ff1edc38,0x0000000100000000)
  to   space 46080K, 0% used [0x00000000fa600000,0x00000000fa600000,0x00000000fd300000)
 ParOldGen       total 119808K, used 62561K [0x00000000c0000000, 0x00000000c7500000, 0x00000000eab00000)
  object space 119808K, 52% used [0x00000000c0000000,0x00000000c3d187f8,0x00000000c7500000)
 Metaspace       used 6489K, capacity 7256K, committed 7424K, reserved 1056768K
  class space    used 614K, capacity 656K, committed 768K, reserved 1048576K
Event: 12.135 GC heap after
Heap after GC invocations=10 (full 1):
 PSYoungGen      total 303104K, used 46049K [0x00000000eab00000, 0x0000000100000000, 0x0000000100000000)
  eden space 257024K, 0% used [0x00000000eab00000,0x00000000eab00000,0x00000000fa600000)
  from space 46080K, 99% used [0x00000000fa600000,0x00000000fd2f8460,0x00000000fd300000)
  to   space 46080K, 0% used [0x00000000fd300000,0x00000000fd300000,0x0000000100000000)
 ParOldGen       total 119808K, used 74452K [0x00000000c0000000, 0x00000000c7500000, 0x00000000eab00000)
  object space 119808K, 62% used [0x00000000c0000000,0x00000000c48b5308,0x00000000c7500000)
 Metaspace       used 6489K, capacity 7256K, committed 7424K, reserved 1056768K
  class space    used 614K, capacity 656K, committed 768K, reserved 1048576K
}
Event: 13.514 GC heap before
{Heap before GC invocations=11 (full 1):
 PSYoungGen      total 303104K, used 303073K [0x00000000eab00000, 0x0000000100000000, 0x0000000100000000)
  eden space 257024K, 100% used [0x00000000eab00000,0x00000000fa600000,0x00000000fa600000)
  from space 46080K, 99% used [0x00000000fa600000,0x00000000fd2f8460,0x00000000fd300000)
  to   space 46080K, 0% used [0x00000000fd300000,0x00000000fd300000,0x0000000100000000)
 ParOldGen       total 119808K, used 74452K [0x00000000c0000000, 0x00000000c7500000, 0x00000000eab00000)
  object space 119808K, 62% used [0x00000000c0000000,0x00000000c48b5308,0x00000000c7500000)
 Metaspace       used 6518K, capacity 7256K, committed 7424K, reserved 1056768K
  class space    used 614K, capacity 656K, committed 768K, reserved 1048576K
Event: 13.771 GC heap after
Heap after GC invocations=11 (full 1):
 PSYoungGen      total 241664K, used 46076K [0x00000000eab00000, 0x0000000100000000, 0x0000000100000000)
  eden space 195584K, 0% used [0x00000000eab00000,0x00000000eab00000,0x00000000f6a00000)
  from space 46080K, 99% used [0x00000000fd300000,0x00000000fffff278,0x0000000100000000)
  to   space 76800K, 0% used [0x00000000f6a00000,0x00000000f6a00000,0x00000000fb500000)
 ParOldGen       total 119808K, used 105697K [0x00000000c0000000, 0x00000000c7500000, 0x00000000eab00000)
  object space 119808K, 88% used [0x00000000c0000000,0x00000000c6738758,0x00000000c7500000)
 Metaspace       used 6518K, capacity 7256K, committed 7424K, reserved 1056768K
  class space    used 614K, capacity 656K, committed 768K, reserved 1048576K
}
Event: 13.771 GC heap before
{Heap before GC invocations=12 (full 2):
 PSYoungGen      total 241664K, used 46076K [0x00000000eab00000, 0x0000000100000000, 0x0000000100000000)
  eden space 195584K, 0% used [0x00000000eab00000,0x00000000eab00000,0x00000000f6a00000)
  from space 46080K, 99% used [0x00000000fd300000,0x00000000fffff278,0x0000000100000000)
  to   space 76800K, 0% used [0x00000000f6a00000,0x00000000f6a00000,0x00000000fb500000)
 ParOldGen       total 119808K, used 105697K [0x00000000c0000000, 0x00000000c7500000, 0x00000000eab00000)
  object space 119808K, 88% used [0x00000000c0000000,0x00000000c6738758,0x00000000c7500000)
 Metaspace       used 6518K, capacity 7256K, committed 7424K, reserved 1056768K
  class space    used 614K, capacity 656K, committed 768K, reserved 1048576K

