# JRE version: Java(TM) SE Runtime Environment (8.0_74-b02) (build 1.8.0_74-b02)
# Java VM: Java HotSpot(TM) 64-Bit Server VM (25.74-b02 mixed mode linux-amd64 compressed oops)
Heap:
 PSYoungGen      total 232960K, used 29616K [0x00000000eab00000, 0x0000000100000000, 0x0000000100000000)
  eden space 116736K, 0% used [0x00000000eab00000,0x00000000eab00000,0x00000000f1d00000)
  from space 116224K, 25% used [0x00000000f1d00000,0x00000000f39ec018,0x00000000f8e80000)
  to   space 116224K, 0% used [0x00000000f8e80000,0x00000000f8e80000,0x0000000100000000)
 ParOldGen       total 357376K, used 357066K [0x00000000c0000000, 0x00000000d5d00000, 0x00000000eab00000)
  object space 357376K, 99% used [0x00000000c0000000,0x00000000d5cb2ab8,0x00000000d5d00000)
 Metaspace       used 6563K, capacity 7320K, committed 7680K, reserved 1056768K
  class space    used 615K, capacity 656K, committed 768K, reserved 1048576K
GC Heap History (10 events):
Event: 23.154 GC heap after
Heap after GC invocations=22 (full 3):
 PSYoungGen      total 155136K, used 37912K [0x00000000eab00000, 0x00000000ff500000, 0x0000000100000000)
  eden space 116736K, 0% used [0x00000000eab00000,0x00000000eab00000,0x00000000f1d00000)
  from space 38400K, 98% used [0x00000000f1d00000,0x00000000f42060a0,0x00000000f4280000)
  to   space 110592K, 0% used [0x00000000f8900000,0x00000000f8900000,0x00000000ff500000)
 ParOldGen       total 357376K, used 279448K [0x00000000c0000000, 0x00000000d5d00000, 0x00000000eab00000)
  object space 357376K, 78% used [0x00000000c0000000,0x00000000d10e6240,0x00000000d5d00000)
 Metaspace       used 6562K, capacity 7320K, committed 7680K, reserved 1056768K
  class space    used 615K, capacity 656K, committed 768K, reserved 1048576K
}
Event: 23.836 GC heap before
{Heap before GC invocations=23 (full 3):
 PSYoungGen      total 155136K, used 154648K [0x00000000eab00000, 0x00000000ff500000, 0x0000000100000000)
  eden space 116736K, 100% used [0x00000000eab00000,0x00000000f1d00000,0x00000000f1d00000)
  from space 38400K, 98% used [0x00000000f1d00000,0x00000000f42060a0,0x00000000f4280000)
  to   space 110592K, 0% used [0x00000000f8900000,0x00000000f8900000,0x00000000ff500000)
 ParOldGen       total 357376K, used 279448K [0x00000000c0000000, 0x00000000d5d00000, 0x00000000eab00000)
  object space 357376K, 78% used [0x00000000c0000000,0x00000000d10e6240,0x00000000d5d00000)
 Metaspace       used 6562K, capacity 7320K, committed 7680K, reserved 1056768K
  class space    used 615K, capacity 656K, committed 768K, reserved 1048576K
Event: 23.968 GC heap after
Heap after GC invocations=23 (full 3):
 PSYoungGen      total 230400K, used 55011K [0x00000000eab00000, 0x0000000100000000, 0x0000000100000000)
  eden space 119808K, 0% used [0x00000000eab00000,0x00000000eab00000,0x00000000f2000000)
  from space 110592K, 49% used [0x00000000f8900000,0x00000000fbeb8ff8,0x00000000ff500000)
  to   space 107520K, 0% used [0x00000000f2000000,0x00000000f2000000,0x00000000f8900000)
 ParOldGen       total 357376K, used 279448K [0x00000000c0000000, 0x00000000d5d00000, 0x00000000eab00000)
  object space 357376K, 78% used [0x00000000c0000000,0x00000000d10e6240,0x00000000d5d00000)
 Metaspace       used 6562K, capacity 7320K, committed 7680K, reserved 1056768K
  class space    used 615K, capacity 656K, committed 768K, reserved 1048576K
}
Event: 24.700 GC heap before
{Heap before GC invocations=24 (full 3):
 PSYoungGen      total 230400K, used 174819K [0x00000000eab00000, 0x0000000100000000, 0x0000000100000000)
  eden space 119808K, 100% used [0x00000000eab00000,0x00000000f2000000,0x00000000f2000000)
  from space 110592K, 49% used [0x00000000f8900000,0x00000000fbeb8ff8,0x00000000ff500000)
  to   space 107520K, 0% used [0x00000000f2000000,0x00000000f2000000,0x00000000f8900000)
 ParOldGen       total 357376K, used 279448K [0x00000000c0000000, 0x00000000d5d00000, 0x00000000eab00000)
  object space 357376K, 78% used [0x00000000c0000000,0x00000000d10e6240,0x00000000d5d00000)
 Metaspace       used 6562K, capacity 7320K, committed 7680K, reserved 1056768K
  class space    used 615K, capacity 656K, committed 768K, reserved 1048576K
Event: 24.875 GC heap after
Heap after GC invocations=24 (full 3):
 PSYoungGen      total 227328K, used 73533K [0x00000000eab00000, 0x0000000100000000, 0x0000000100000000)
  eden space 119808K, 0% used [0x00000000eab00000,0x00000000eab00000,0x00000000f2000000)
  from space 107520K, 68% used [0x00000000f2000000,0x00000000f67cf728,0x00000000f8900000)
  to   space 111616K, 0% used [0x00000000f9300000,0x00000000f9300000,0x0000000100000000)
 ParOldGen       total 357376K, used 279448K [0x00000000c0000000, 0x00000000d5d00000, 0x00000000eab00000)
  object space 357376K, 78% used [0x00000000c0000000,0x00000000d10e6240,0x00000000d5d00000)
 Metaspace       used 6562K, capacity 7320K, committed 7680K, reserved 1056768K
  class space    used 615K, capacity 656K, committed 768K, reserved 1048576K
}
Event: 25.483 GC heap before
{Heap before GC invocations=25 (full 3):
 PSYoungGen      total 227328K, used 193341K [0x00000000eab00000, 0x0000000100000000, 0x0000000100000000)
  eden space 119808K, 100% used [0x00000000eab00000,0x00000000f2000000,0x00000000f2000000)
  from space 107520K, 68% used [0x00000000f2000000,0x00000000f67cf728,0x00000000f8900000)
  to   space 111616K, 0% used [0x00000000f9300000,0x00000000f9300000,0x0000000100000000)
 ParOldGen       total 357376K, used 279448K [0x00000000c0000000, 0x00000000d5d00000, 0x00000000eab00000)
  object space 357376K, 78% used [0x00000000c0000000,0x00000000d10e6240,0x00000000d5d00000)
 Metaspace       used 6563K, capacity 7320K, committed 7680K, reserved 1056768K
  class space    used 615K, capacity 656K, committed 768K, reserved 1048576K
Event: 25.675 GC heap after
Heap after GC invocations=25 (full 3):
 PSYoungGen      total 228352K, used 92062K [0x00000000eab00000, 0x0000000100000000, 0x0000000100000000)
  eden space 116736K, 0% used [0x00000000eab00000,0x00000000eab00000,0x00000000f1d00000)
  from space 111616K, 82% used [0x00000000f9300000,0x00000000fece7a40,0x0000000100000000)
  to   space 116224K, 0% used [0x00000000f1d00000,0x00000000f1d00000,0x00000000f8e80000)
 ParOldGen       total 357376K, used 279456K [0x00000000c0000000, 0x00000000d5d00000, 0x00000000eab00000)
  object space 357376K, 78% used [0x00000000c0000000,0x00000000d10e8240,0x00000000d5d00000)
 Metaspace       used 6563K, capacity 7320K, committed 7680K, reserved 1056768K
  class space    used 615K, capacity 656K, committed 768K, reserved 1048576K
}
Event: 26.375 GC heap before
{Heap before GC invocations=26 (full 3):
 PSYoungGen      total 228352K, used 208798K [0x00000000eab00000, 0x0000000100000000, 0x0000000100000000)
  eden space 116736K, 100% used [0x00000000eab00000,0x00000000f1d00000,0x00000000f1d00000)
  from space 111616K, 82% used [0x00000000f9300000,0x00000000fece7a40,0x0000000100000000)
  to   space 116224K, 0% used [0x00000000f1d00000,0x00000000f1d00000,0x00000000f8e80000)
 ParOldGen       total 357376K, used 279456K [0x00000000c0000000, 0x00000000d5d00000, 0x00000000eab00000)
  object space 357376K, 78% used [0x00000000c0000000,0x00000000d10e8240,0x00000000d5d00000)
 Metaspace       used 6563K, capacity 7320K, committed 7680K, reserved 1056768K
  class space    used 615K, capacity 656K, committed 768K, reserved 1048576K
Event: 26.733 GC heap after
Heap after GC invocations=26 (full 3):
 PSYoungGen      total 232960K, used 72791K [0x00000000eab00000, 0x0000000100000000, 0x0000000100000000)
  eden space 116736K, 0% used [0x00000000eab00000,0x00000000eab00000,0x00000000f1d00000)
  from space 116224K, 62% used [0x00000000f1d00000,0x00000000f6415cf8,0x00000000f8e80000)
  to   space 116224K, 0% used [0x00000000f8e80000,0x00000000f8e80000,0x0000000100000000)
 ParOldGen       total 357376K, used 316563K [0x00000000c0000000, 0x00000000d5d00000, 0x00000000eab00000)
  object space 357376K, 88% used [0x00000000c0000000,0x00000000d3524fa8,0x00000000d5d00000)
 Metaspace       used 6563K, capacity 7320K, committed 7680K, reserved 1056768K
  class space    used 615K, capacity 656K, committed 768K, reserved 1048576K
}
Event: 26.733 GC heap before
{Heap before GC invocations=27 (full 4):
 PSYoungGen      total 232960K, used 72791K [0x00000000eab00000, 0x0000000100000000, 0x0000000100000000)
  eden space 116736K, 0% used [0x00000000eab00000,0x00000000eab00000,0x00000000f1d00000)
  from space 116224K, 62% used [0x00000000f1d00000,0x00000000f6415cf8,0x00000000f8e80000)
  to   space 116224K, 0% used [0x00000000f8e80000,0x00000000f8e80000,0x0000000100000000)
 ParOldGen       total 357376K, used 316563K [0x00000000c0000000, 0x00000000d5d00000, 0x00000000eab00000)
  object space 357376K, 88% used [0x00000000c0000000,0x00000000d3524fa8,0x00000000d5d00000)
 Metaspace       used 6563K, capacity 7320K, committed 7680K, reserved 1056768K
  class space    used 615K, capacity 656K, committed 768K, reserved 1048576K

