# JRE version: Java(TM) SE Runtime Environment (8.0_74-b02) (build 1.8.0_74-b02)
# Java VM: Java HotSpot(TM) 64-Bit Server VM (25.74-b02 mixed mode linux-amd64 compressed oops)
Heap:
 PSYoungGen      total 242176K, used 27530K [0x00000000eab00000, 0x0000000100000000, 0x0000000100000000)
  eden space 196608K, 0% used [0x00000000eab00000,0x00000000eab00000,0x00000000f6b00000)
  from space 45568K, 60% used [0x00000000fd380000,0x00000000fee62958,0x0000000100000000)
  to   space 76288K, 0% used [0x00000000f6b00000,0x00000000f6b00000,0x00000000fb580000)
 ParOldGen       total 117760K, used 117508K [0x00000000c0000000, 0x00000000c7300000, 0x00000000eab00000)
  object space 117760K, 99% used [0x00000000c0000000,0x00000000c72c1260,0x00000000c7300000)
 Metaspace       used 6522K, capacity 7320K, committed 7680K, reserved 1056768K
  class space    used 614K, capacity 656K, committed 768K, reserved 1048576K
GC Heap History (10 events):
Event: 6.320 GC heap after
Heap after GC invocations=7 (full 0):
 PSYoungGen      total 206848K, used 19428K [0x00000000eab00000, 0x0000000100000000, 0x0000000100000000)
  eden space 187392K, 0% used [0x00000000eab00000,0x00000000eab00000,0x00000000f6200000)
  from space 19456K, 99% used [0x00000000f6200000,0x00000000f74f9030,0x00000000f7500000)
  to   space 34304K, 0% used [0x00000000fde80000,0x00000000fde80000,0x0000000100000000)
 ParOldGen       total 62976K, used 39130K [0x00000000c0000000, 0x00000000c3d80000, 0x00000000eab00000)
  object space 62976K, 62% used [0x00000000c0000000,0x00000000c2636830,0x00000000c3d80000)
 Metaspace       used 6355K, capacity 7192K, committed 7424K, reserved 1056768K
  class space    used 614K, capacity 656K, committed 768K, reserved 1048576K
}
Event: 7.910 GC heap before
{Heap before GC invocations=8 (full 0):
 PSYoungGen      total 206848K, used 206820K [0x00000000eab00000, 0x0000000100000000, 0x0000000100000000)
  eden space 187392K, 100% used [0x00000000eab00000,0x00000000f6200000,0x00000000f6200000)
  from space 19456K, 99% used [0x00000000f6200000,0x00000000f74f9030,0x00000000f7500000)
  to   space 34304K, 0% used [0x00000000fde80000,0x00000000fde80000,0x0000000100000000)
 ParOldGen       total 62976K, used 39130K [0x00000000c0000000, 0x00000000c3d80000, 0x00000000eab00000)
  object space 62976K, 62% used [0x00000000c0000000,0x00000000c2636830,0x00000000c3d80000)
 Metaspace       used 6431K, capacity 7256K, committed 7424K, reserved 1056768K
  class space    used 614K, capacity 656K, committed 768K, reserved 1048576K
Event: 8.107 GC heap after
Heap after GC invocations=8 (full 0):
 PSYoungGen      total 292352K, used 34297K [0x00000000eab00000, 0x0000000100000000, 0x0000000100000000)
  eden space 258048K, 0% used [0x00000000eab00000,0x00000000eab00000,0x00000000fa700000)
  from space 34304K, 99% used [0x00000000fde80000,0x00000000ffffe7b8,0x0000000100000000)
  to   space 45568K, 0% used [0x00000000fa700000,0x00000000fa700000,0x00000000fd380000)
 ParOldGen       total 62976K, used 49796K [0x00000000c0000000, 0x00000000c3d80000, 0x00000000eab00000)
  object space 62976K, 79% used [0x00000000c0000000,0x00000000c30a1270,0x00000000c3d80000)
 Metaspace       used 6431K, capacity 7256K, committed 7424K, reserved 1056768K
  class space    used 614K, capacity 656K, committed 768K, reserved 1048576K
}
Event: 8.107 GC heap before
{Heap before GC invocations=9 (full 1):
 PSYoungGen      total 292352K, used 34297K [0x00000000eab00000, 0x0000000100000000, 0x0000000100000000)
  eden space 258048K, 0% used [0x00000000eab00000,0x00000000eab00000,0x00000000fa700000)
  from space 34304K, 99% used [0x00000000fde80000,0x00000000ffffe7b8,0x0000000100000000)
  to   space 45568K, 0% used [0x00000000fa700000,0x00000000fa700000,0x00000000fd380000)
 ParOldGen       total 62976K, used 49796K [0x00000000c0000000, 0x00000000c3d80000, 0x00000000eab00000)
  object space 62976K, 79% used [0x00000000c0000000,0x00000000c30a1270,0x00000000c3d80000)
 Metaspace       used 6431K, capacity 7256K, committed 7424K, reserved 1056768K
  class space    used 614K, capacity 656K, committed 768K, reserved 1048576K
Event: 8.863 GC heap after
Heap after GC invocations=9 (full 1):
 PSYoungGen      total 292352K, used 17738K [0x00000000eab00000, 0x0000000100000000, 0x0000000100000000)
  eden space 258048K, 0% used [0x00000000eab00000,0x00000000eab00000,0x00000000fa700000)
  from space 34304K, 51% used [0x00000000fde80000,0x00000000fefd2bb0,0x0000000100000000)
  to   space 45568K, 0% used [0x00000000fa700000,0x00000000fa700000,0x00000000fd380000)
 ParOldGen       total 117760K, used 62476K [0x00000000c0000000, 0x00000000c7300000, 0x00000000eab00000)
  object space 117760K, 53% used [0x00000000c0000000,0x00000000c3d03300,0x00000000c7300000)
 Metaspace       used 6431K, capacity 7256K, committed 7424K, reserved 1056768K
  class space    used 614K, capacity 656K, committed 768K, reserved 1048576K
}
Event: 10.583 GC heap before
{Heap before GC invocations=10 (full 1):
 PSYoungGen      total 292352K, used 275786K [0x00000000eab00000, 0x0000000100000000, 0x0000000100000000)
  eden space 258048K, 100% used [0x00000000eab00000,0x00000000fa700000,0x00000000fa700000)
  from space 34304K, 51% used [0x00000000fde80000,0x00000000fefd2bb0,0x0000000100000000)
  to   space 45568K, 0% used [0x00000000fa700000,0x00000000fa700000,0x00000000fd380000)
 ParOldGen       total 117760K, used 62476K [0x00000000c0000000, 0x00000000c7300000, 0x00000000eab00000)
  object space 117760K, 53% used [0x00000000c0000000,0x00000000c3d03300,0x00000000c7300000)
 Metaspace       used 6475K, capacity 7256K, committed 7424K, reserved 1056768K
  class space    used 614K, capacity 656K, committed 768K, reserved 1048576K
Event: 10.822 GC heap after
Heap after GC invocations=10 (full 1):
 PSYoungGen      total 303616K, used 45553K [0x00000000eab00000, 0x0000000100000000, 0x0000000100000000)
  eden space 258048K, 0% used [0x00000000eab00000,0x00000000eab00000,0x00000000fa700000)
  from space 45568K, 99% used [0x00000000fa700000,0x00000000fd37c540,0x00000000fd380000)
  to   space 45568K, 0% used [0x00000000fd380000,0x00000000fd380000,0x0000000100000000)
 ParOldGen       total 117760K, used 72735K [0x00000000c0000000, 0x00000000c7300000, 0x00000000eab00000)
  object space 117760K, 61% used [0x00000000c0000000,0x00000000c4707f18,0x00000000c7300000)
 Metaspace       used 6475K, capacity 7256K, committed 7424K, reserved 1056768K
  class space    used 614K, capacity 656K, committed 768K, reserved 1048576K
}
Event: 12.460 GC heap before
{Heap before GC invocations=11 (full 1):
 PSYoungGen      total 303616K, used 303601K [0x00000000eab00000, 0x0000000100000000, 0x0000000100000000)
  eden space 258048K, 100% used [0x00000000eab00000,0x00000000fa700000,0x00000000fa700000)
  from space 45568K, 99% used [0x00000000fa700000,0x00000000fd37c540,0x00000000fd380000)
  to   space 45568K, 0% used [0x00000000fd380000,0x00000000fd380000,0x0000000100000000)
 ParOldGen       total 117760K, used 72735K [0x00000000c0000000, 0x00000000c7300000, 0x00000000eab00000)
  object space 117760K, 61% used [0x00000000c0000000,0x00000000c4707f18,0x00000000c7300000)
 Metaspace       used 6522K, capacity 7320K, committed 7680K, reserved 1056768K
  class space    used 614K, capacity 656K, committed 768K, reserved 1048576K
Event: 12.694 GC heap after
Heap after GC invocations=11 (full 1):
 PSYoungGen      total 242176K, used 45536K [0x00000000eab00000, 0x0000000100000000, 0x0000000100000000)
  eden space 196608K, 0% used [0x00000000eab00000,0x00000000eab00000,0x00000000f6b00000)
  from space 45568K, 99% used [0x00000000fd380000,0x00000000ffff8258,0x0000000100000000)
  to   space 76288K, 0% used [0x00000000f6b00000,0x00000000f6b00000,0x00000000fb580000)
 ParOldGen       total 117760K, used 105320K [0x00000000c0000000, 0x00000000c7300000, 0x00000000eab00000)
  object space 117760K, 89% used [0x00000000c0000000,0x00000000c66da288,0x00000000c7300000)
 Metaspace       used 6522K, capacity 7320K, committed 7680K, reserved 1056768K
  class space    used 614K, capacity 656K, committed 768K, reserved 1048576K
}
Event: 12.696 GC heap before
{Heap before GC invocations=12 (full 2):
 PSYoungGen      total 242176K, used 45536K [0x00000000eab00000, 0x0000000100000000, 0x0000000100000000)
  eden space 196608K, 0% used [0x00000000eab00000,0x00000000eab00000,0x00000000f6b00000)
  from space 45568K, 99% used [0x00000000fd380000,0x00000000ffff8258,0x0000000100000000)
  to   space 76288K, 0% used [0x00000000f6b00000,0x00000000f6b00000,0x00000000fb580000)
 ParOldGen       total 117760K, used 105320K [0x00000000c0000000, 0x00000000c7300000, 0x00000000eab00000)
  object space 117760K, 89% used [0x00000000c0000000,0x00000000c66da288,0x00000000c7300000)
 Metaspace       used 6522K, capacity 7320K, committed 7680K, reserved 1056768K
  class space    used 614K, capacity 656K, committed 768K, reserved 1048576K

