# JRE version: Java(TM) SE Runtime Environment (8.0_74-b02) (build 1.8.0_74-b02)
# Java VM: Java HotSpot(TM) 64-Bit Server VM (25.74-b02 mixed mode linux-amd64 compressed oops)
Heap:
 PSYoungGen      total 232960K, used 3137K [0x00000000eab00000, 0x0000000100000000, 0x0000000100000000)
  eden space 116736K, 0% used [0x00000000eab00000,0x00000000eab00000,0x00000000f1d00000)
  from space 116224K, 2% used [0x00000000f8e80000,0x00000000f9190400,0x0000000100000000)
  to   space 116224K, 0% used [0x00000000f1d00000,0x00000000f1d00000,0x00000000f8e80000)
 ParOldGen       total 485376K, used 485361K [0x00000000c0000000, 0x00000000dda00000, 0x00000000eab00000)
  object space 485376K, 99% used [0x00000000c0000000,0x00000000dd9fc500,0x00000000dda00000)
 Metaspace       used 6569K, capacity 7320K, committed 7680K, reserved 1056768K
  class space    used 616K, capacity 656K, committed 768K, reserved 1048576K
GC Heap History (10 events):
Event: 36.043 GC heap after
Heap after GC invocations=28 (full 4):
 PSYoungGen      total 230912K, used 52370K [0x00000000eab00000, 0x00000000ffe00000, 0x0000000100000000)
  eden space 121344K, 0% used [0x00000000eab00000,0x00000000eab00000,0x00000000f2180000)
  from space 109568K, 47% used [0x00000000f8980000,0x00000000fbca49d8,0x00000000ff480000)
  to   space 106496K, 0% used [0x00000000f2180000,0x00000000f2180000,0x00000000f8980000)
 ParOldGen       total 485376K, used 370772K [0x00000000c0000000, 0x00000000dda00000, 0x00000000eab00000)
  object space 485376K, 76% used [0x00000000c0000000,0x00000000d6a15250,0x00000000dda00000)
 Metaspace       used 6564K, capacity 7320K, committed 7680K, reserved 1056768K
  class space    used 616K, capacity 656K, committed 768K, reserved 1048576K
}
Event: 36.756 GC heap before
{Heap before GC invocations=29 (full 4):
 PSYoungGen      total 230912K, used 173714K [0x00000000eab00000, 0x00000000ffe00000, 0x0000000100000000)
  eden space 121344K, 100% used [0x00000000eab00000,0x00000000f2180000,0x00000000f2180000)
  from space 109568K, 47% used [0x00000000f8980000,0x00000000fbca49d8,0x00000000ff480000)
  to   space 106496K, 0% used [0x00000000f2180000,0x00000000f2180000,0x00000000f8980000)
 ParOldGen       total 485376K, used 370772K [0x00000000c0000000, 0x00000000dda00000, 0x00000000eab00000)
  object space 485376K, 76% used [0x00000000c0000000,0x00000000d6a15250,0x00000000dda00000)
 Metaspace       used 6568K, capacity 7320K, committed 7680K, reserved 1056768K
  class space    used 616K, capacity 656K, committed 768K, reserved 1048576K
Event: 36.961 GC heap after
Heap after GC invocations=29 (full 4):
 PSYoungGen      total 227840K, used 73977K [0x00000000eab00000, 0x0000000100000000, 0x0000000100000000)
  eden space 121344K, 0% used [0x00000000eab00000,0x00000000eab00000,0x00000000f2180000)
  from space 106496K, 69% used [0x00000000f2180000,0x00000000f69be428,0x00000000f8980000)
  to   space 111616K, 0% used [0x00000000f9300000,0x00000000f9300000,0x0000000100000000)
 ParOldGen       total 485376K, used 370772K [0x00000000c0000000, 0x00000000dda00000, 0x00000000eab00000)
  object space 485376K, 76% used [0x00000000c0000000,0x00000000d6a15250,0x00000000dda00000)
 Metaspace       used 6568K, capacity 7320K, committed 7680K, reserved 1056768K
  class space    used 616K, capacity 656K, committed 768K, reserved 1048576K
}
Event: 39.876 GC heap before
{Heap before GC invocations=30 (full 4):
 PSYoungGen      total 227840K, used 195321K [0x00000000eab00000, 0x0000000100000000, 0x0000000100000000)
  eden space 121344K, 100% used [0x00000000eab00000,0x00000000f2180000,0x00000000f2180000)
  from space 106496K, 69% used [0x00000000f2180000,0x00000000f69be428,0x00000000f8980000)
  to   space 111616K, 0% used [0x00000000f9300000,0x00000000f9300000,0x0000000100000000)
 ParOldGen       total 485376K, used 370772K [0x00000000c0000000, 0x00000000dda00000, 0x00000000eab00000)
  object space 485376K, 76% used [0x00000000c0000000,0x00000000d6a15250,0x00000000dda00000)
 Metaspace       used 6568K, capacity 7320K, committed 7680K, reserved 1056768K
  class space    used 616K, capacity 656K, committed 768K, reserved 1048576K
Event: 40.116 GC heap after
Heap after GC invocations=30 (full 4):
 PSYoungGen      total 228352K, used 111607K [0x00000000eab00000, 0x0000000100000000, 0x0000000100000000)
  eden space 116736K, 0% used [0x00000000eab00000,0x00000000eab00000,0x00000000f1d00000)
  from space 111616K, 99% used [0x00000000f9300000,0x00000000ffffde18,0x0000000100000000)
  to   space 116224K, 0% used [0x00000000f1d00000,0x00000000f1d00000,0x00000000f8e80000)
 ParOldGen       total 485376K, used 399745K [0x00000000c0000000, 0x00000000dda00000, 0x00000000eab00000)
  object space 485376K, 82% used [0x00000000c0000000,0x00000000d8660418,0x00000000dda00000)
 Metaspace       used 6568K, capacity 7320K, committed 7680K, reserved 1056768K
  class space    used 616K, capacity 656K, committed 768K, reserved 1048576K
}
Event: 40.715 GC heap before
{Heap before GC invocations=31 (full 4):
 PSYoungGen      total 228352K, used 228343K [0x00000000eab00000, 0x0000000100000000, 0x0000000100000000)
  eden space 116736K, 100% used [0x00000000eab00000,0x00000000f1d00000,0x00000000f1d00000)
  from space 111616K, 99% used [0x00000000f9300000,0x00000000ffffde18,0x0000000100000000)
  to   space 116224K, 0% used [0x00000000f1d00000,0x00000000f1d00000,0x00000000f8e80000)
 ParOldGen       total 485376K, used 399745K [0x00000000c0000000, 0x00000000dda00000, 0x00000000eab00000)
  object space 485376K, 82% used [0x00000000c0000000,0x00000000d8660418,0x00000000dda00000)
 Metaspace       used 6568K, capacity 7320K, committed 7680K, reserved 1056768K
  class space    used 616K, capacity 656K, committed 768K, reserved 1048576K
Event: 40.972 GC heap after
Heap after GC invocations=31 (full 4):
 PSYoungGen      total 232960K, used 106097K [0x00000000eab00000, 0x0000000100000000, 0x0000000100000000)
  eden space 116736K, 0% used [0x00000000eab00000,0x00000000eab00000,0x00000000f1d00000)
  from space 116224K, 91% used [0x00000000f1d00000,0x00000000f849c570,0x00000000f8e80000)
  to   space 116224K, 0% used [0x00000000f8e80000,0x00000000f8e80000,0x0000000100000000)
 ParOldGen       total 485376K, used 430150K [0x00000000c0000000, 0x00000000dda00000, 0x00000000eab00000)
  object space 485376K, 88% used [0x00000000c0000000,0x00000000da411ac8,0x00000000dda00000)
 Metaspace       used 6568K, capacity 7320K, committed 7680K, reserved 1056768K
  class space    used 616K, capacity 656K, committed 768K, reserved 1048576K
}
Event: 44.333 GC heap before
{Heap before GC invocations=32 (full 4):
 PSYoungGen      total 232960K, used 222833K [0x00000000eab00000, 0x0000000100000000, 0x0000000100000000)
  eden space 116736K, 100% used [0x00000000eab00000,0x00000000f1d00000,0x00000000f1d00000)
  from space 116224K, 91% used [0x00000000f1d00000,0x00000000f849c570,0x00000000f8e80000)
  to   space 116224K, 0% used [0x00000000f8e80000,0x00000000f8e80000,0x0000000100000000)
 ParOldGen       total 485376K, used 430150K [0x00000000c0000000, 0x00000000dda00000, 0x00000000eab00000)
  object space 485376K, 88% used [0x00000000c0000000,0x00000000da411ac8,0x00000000dda00000)
 Metaspace       used 6569K, capacity 7320K, committed 7680K, reserved 1056768K
  class space    used 616K, capacity 656K, committed 768K, reserved 1048576K
Event: 44.596 GC heap after
Heap after GC invocations=32 (full 4):
 PSYoungGen      total 232960K, used 105600K [0x00000000eab00000, 0x0000000100000000, 0x0000000100000000)
  eden space 116736K, 0% used [0x00000000eab00000,0x00000000eab00000,0x00000000f1d00000)
  from space 116224K, 90% used [0x00000000f8e80000,0x00000000ff5a0318,0x0000000100000000)
  to   space 116224K, 0% used [0x00000000f1d00000,0x00000000f1d00000,0x00000000f8e80000)
 ParOldGen       total 485376K, used 463158K [0x00000000c0000000, 0x00000000dda00000, 0x00000000eab00000)
  object space 485376K, 95% used [0x00000000c0000000,0x00000000dc44d8c8,0x00000000dda00000)
 Metaspace       used 6569K, capacity 7320K, committed 7680K, reserved 1056768K
  class space    used 616K, capacity 656K, committed 768K, reserved 1048576K
}
Event: 44.596 GC heap before
{Heap before GC invocations=33 (full 5):
 PSYoungGen      total 232960K, used 105600K [0x00000000eab00000, 0x0000000100000000, 0x0000000100000000)
  eden space 116736K, 0% used [0x00000000eab00000,0x00000000eab00000,0x00000000f1d00000)
  from space 116224K, 90% used [0x00000000f8e80000,0x00000000ff5a0318,0x0000000100000000)
  to   space 116224K, 0% used [0x00000000f1d00000,0x00000000f1d00000,0x00000000f8e80000)
 ParOldGen       total 485376K, used 463158K [0x00000000c0000000, 0x00000000dda00000, 0x00000000eab00000)
  object space 485376K, 95% used [0x00000000c0000000,0x00000000dc44d8c8,0x00000000dda00000)
 Metaspace       used 6569K, capacity 7320K, committed 7680K, reserved 1056768K
  class space    used 616K, capacity 656K, committed 768K, reserved 1048576K

