# JRE version: Java(TM) SE Runtime Environment (8.0_74-b02) (build 1.8.0_74-b02)
# Java VM: Java HotSpot(TM) 64-Bit Server VM (25.74-b02 mixed mode linux-amd64 compressed oops)
Heap:
 PSYoungGen      total 232960K, used 15739K [0x00000000eab00000, 0x0000000100000000, 0x0000000100000000)
  eden space 116736K, 0% used [0x00000000eab00000,0x00000000eab00000,0x00000000f1d00000)
  from space 116224K, 13% used [0x00000000f8e80000,0x00000000f9ddedf0,0x0000000100000000)
  to   space 116224K, 0% used [0x00000000f1d00000,0x00000000f1d00000,0x00000000f8e80000)
 ParOldGen       total 334336K, used 334149K [0x00000000c0000000, 0x00000000d4680000, 0x00000000eab00000)
  object space 334336K, 99% used [0x00000000c0000000,0x00000000d46514e0,0x00000000d4680000)
 Metaspace       used 6579K, capacity 7320K, committed 7680K, reserved 1056768K
  class space    used 615K, capacity 656K, committed 768K, reserved 1048576K
GC Heap History (10 events):
Event: 21.918 GC heap after
Heap after GC invocations=19 (full 3):
 PSYoungGen      total 230400K, used 72153K [0x00000000eab00000, 0x0000000100000000, 0x0000000100000000)
  eden space 119808K, 0% used [0x00000000eab00000,0x00000000eab00000,0x00000000f2000000)
  from space 110592K, 65% used [0x00000000f9400000,0x00000000fda76730,0x0000000100000000)
  to   space 114688K, 0% used [0x00000000f2000000,0x00000000f2000000,0x00000000f9000000)
 ParOldGen       total 334336K, used 209152K [0x00000000c0000000, 0x00000000d4680000, 0x00000000eab00000)
  object space 334336K, 62% used [0x00000000c0000000,0x00000000ccc40218,0x00000000d4680000)
 Metaspace       used 6576K, capacity 7320K, committed 7680K, reserved 1056768K
  class space    used 615K, capacity 656K, committed 768K, reserved 1048576K
}
Event: 22.669 GC heap before
{Heap before GC invocations=20 (full 3):
 PSYoungGen      total 230400K, used 191961K [0x00000000eab00000, 0x0000000100000000, 0x0000000100000000)
  eden space 119808K, 100% used [0x00000000eab00000,0x00000000f2000000,0x00000000f2000000)
  from space 110592K, 65% used [0x00000000f9400000,0x00000000fda76730,0x0000000100000000)
  to   space 114688K, 0% used [0x00000000f2000000,0x00000000f2000000,0x00000000f9000000)
 ParOldGen       total 334336K, used 209152K [0x00000000c0000000, 0x00000000d4680000, 0x00000000eab00000)
  object space 334336K, 62% used [0x00000000c0000000,0x00000000ccc40218,0x00000000d4680000)
 Metaspace       used 6578K, capacity 7320K, committed 7680K, reserved 1056768K
  class space    used 615K, capacity 656K, committed 768K, reserved 1048576K
Event: 22.876 GC heap after
Heap after GC invocations=20 (full 3):
 PSYoungGen      total 208896K, used 88952K [0x00000000eab00000, 0x0000000100000000, 0x0000000100000000)
  eden space 119808K, 0% used [0x00000000eab00000,0x00000000eab00000,0x00000000f2000000)
  from space 89088K, 99% used [0x00000000f2000000,0x00000000f76de3f0,0x00000000f7700000)
  to   space 116224K, 0% used [0x00000000f8e80000,0x00000000f8e80000,0x0000000100000000)
 ParOldGen       total 334336K, used 209152K [0x00000000c0000000, 0x00000000d4680000, 0x00000000eab00000)
  object space 334336K, 62% used [0x00000000c0000000,0x00000000ccc40218,0x00000000d4680000)
 Metaspace       used 6578K, capacity 7320K, committed 7680K, reserved 1056768K
  class space    used 615K, capacity 656K, committed 768K, reserved 1048576K
}
Event: 23.574 GC heap before
{Heap before GC invocations=21 (full 3):
 PSYoungGen      total 208896K, used 208760K [0x00000000eab00000, 0x0000000100000000, 0x0000000100000000)
  eden space 119808K, 100% used [0x00000000eab00000,0x00000000f2000000,0x00000000f2000000)
  from space 89088K, 99% used [0x00000000f2000000,0x00000000f76de3f0,0x00000000f7700000)
  to   space 116224K, 0% used [0x00000000f8e80000,0x00000000f8e80000,0x0000000100000000)
 ParOldGen       total 334336K, used 209152K [0x00000000c0000000, 0x00000000d4680000, 0x00000000eab00000)
  object space 334336K, 62% used [0x00000000c0000000,0x00000000ccc40218,0x00000000d4680000)
 Metaspace       used 6579K, capacity 7320K, committed 7680K, reserved 1056768K
  class space    used 615K, capacity 656K, committed 768K, reserved 1048576K
Event: 23.827 GC heap after
Heap after GC invocations=21 (full 3):
 PSYoungGen      total 232960K, used 74822K [0x00000000eab00000, 0x0000000100000000, 0x0000000100000000)
  eden space 116736K, 0% used [0x00000000eab00000,0x00000000eab00000,0x00000000f1d00000)
  from space 116224K, 64% used [0x00000000f8e80000,0x00000000fd791af0,0x0000000100000000)
  to   space 116224K, 0% used [0x00000000f1d00000,0x00000000f1d00000,0x00000000f8e80000)
 ParOldGen       total 334336K, used 242643K [0x00000000c0000000, 0x00000000d4680000, 0x00000000eab00000)
  object space 334336K, 72% used [0x00000000c0000000,0x00000000cecf4d80,0x00000000d4680000)
 Metaspace       used 6579K, capacity 7320K, committed 7680K, reserved 1056768K
  class space    used 615K, capacity 656K, committed 768K, reserved 1048576K
}
Event: 24.452 GC heap before
{Heap before GC invocations=22 (full 3):
 PSYoungGen      total 232960K, used 191558K [0x00000000eab00000, 0x0000000100000000, 0x0000000100000000)
  eden space 116736K, 100% used [0x00000000eab00000,0x00000000f1d00000,0x00000000f1d00000)
  from space 116224K, 64% used [0x00000000f8e80000,0x00000000fd791af0,0x0000000100000000)
  to   space 116224K, 0% used [0x00000000f1d00000,0x00000000f1d00000,0x00000000f8e80000)
 ParOldGen       total 334336K, used 242643K [0x00000000c0000000, 0x00000000d4680000, 0x00000000eab00000)
  object space 334336K, 72% used [0x00000000c0000000,0x00000000cecf4d80,0x00000000d4680000)
 Metaspace       used 6579K, capacity 7320K, committed 7680K, reserved 1056768K
  class space    used 615K, capacity 656K, committed 768K, reserved 1048576K
Event: 24.661 GC heap after
Heap after GC invocations=22 (full 3):
 PSYoungGen      total 232960K, used 54408K [0x00000000eab00000, 0x0000000100000000, 0x0000000100000000)
  eden space 116736K, 0% used [0x00000000eab00000,0x00000000eab00000,0x00000000f1d00000)
  from space 116224K, 46% used [0x00000000f1d00000,0x00000000f5222320,0x00000000f8e80000)
  to   space 116224K, 0% used [0x00000000f8e80000,0x00000000f8e80000,0x0000000100000000)
 ParOldGen       total 334336K, used 280155K [0x00000000c0000000, 0x00000000d4680000, 0x00000000eab00000)
  object space 334336K, 83% used [0x00000000c0000000,0x00000000d1196eb0,0x00000000d4680000)
 Metaspace       used 6579K, capacity 7320K, committed 7680K, reserved 1056768K
  class space    used 615K, capacity 656K, committed 768K, reserved 1048576K
}
Event: 25.431 GC heap before
{Heap before GC invocations=23 (full 3):
 PSYoungGen      total 232960K, used 171144K [0x00000000eab00000, 0x0000000100000000, 0x0000000100000000)
  eden space 116736K, 100% used [0x00000000eab00000,0x00000000f1d00000,0x00000000f1d00000)
  from space 116224K, 46% used [0x00000000f1d00000,0x00000000f5222320,0x00000000f8e80000)
  to   space 116224K, 0% used [0x00000000f8e80000,0x00000000f8e80000,0x0000000100000000)
 ParOldGen       total 334336K, used 280155K [0x00000000c0000000, 0x00000000d4680000, 0x00000000eab00000)
  object space 334336K, 83% used [0x00000000c0000000,0x00000000d1196eb0,0x00000000d4680000)
 Metaspace       used 6579K, capacity 7320K, committed 7680K, reserved 1056768K
  class space    used 615K, capacity 656K, committed 768K, reserved 1048576K
Event: 25.587 GC heap after
Heap after GC invocations=23 (full 3):
 PSYoungGen      total 232960K, used 35347K [0x00000000eab00000, 0x0000000100000000, 0x0000000100000000)
  eden space 116736K, 0% used [0x00000000eab00000,0x00000000eab00000,0x00000000f1d00000)
  from space 116224K, 30% used [0x00000000f8e80000,0x00000000fb104df8,0x0000000100000000)
  to   space 116224K, 0% used [0x00000000f1d00000,0x00000000f1d00000,0x00000000f8e80000)
 ParOldGen       total 334336K, used 317068K [0x00000000c0000000, 0x00000000d4680000, 0x00000000eab00000)
  object space 334336K, 94% used [0x00000000c0000000,0x00000000d35a3020,0x00000000d4680000)
 Metaspace       used 6579K, capacity 7320K, committed 7680K, reserved 1056768K
  class space    used 615K, capacity 656K, committed 768K, reserved 1048576K
}
Event: 25.587 GC heap before
{Heap before GC invocations=24 (full 4):
 PSYoungGen      total 232960K, used 35347K [0x00000000eab00000, 0x0000000100000000, 0x0000000100000000)
  eden space 116736K, 0% used [0x00000000eab00000,0x00000000eab00000,0x00000000f1d00000)
  from space 116224K, 30% used [0x00000000f8e80000,0x00000000fb104df8,0x0000000100000000)
  to   space 116224K, 0% used [0x00000000f1d00000,0x00000000f1d00000,0x00000000f8e80000)
 ParOldGen       total 334336K, used 317068K [0x00000000c0000000, 0x00000000d4680000, 0x00000000eab00000)
  object space 334336K, 94% used [0x00000000c0000000,0x00000000d35a3020,0x00000000d4680000)
 Metaspace       used 6579K, capacity 7320K, committed 7680K, reserved 1056768K
  class space    used 615K, capacity 656K, committed 768K, reserved 1048576K

